c:\users\jakub góralski\source\repos\123\123\debug\vc142.pdb
c:\users\jakub góralski\source\repos\123\123\debug\vc142.idb
c:\users\jakub góralski\source\repos\123\123\debug\123.obj
c:\users\jakub góralski\source\repos\123\123\debug\123.res
c:\users\jakub góralski\source\repos\123\debug\123.pdb
c:\users\jakub góralski\source\repos\123\123\debug\123.tlog\cl.command.1.tlog
c:\users\jakub góralski\source\repos\123\123\debug\123.tlog\cl.read.1.tlog
c:\users\jakub góralski\source\repos\123\123\debug\123.tlog\cl.write.1.tlog
c:\users\jakub góralski\source\repos\123\123\debug\123.tlog\link-cvtres.read.1.tlog
c:\users\jakub góralski\source\repos\123\123\debug\123.tlog\link-cvtres.write.1.tlog
c:\users\jakub góralski\source\repos\123\123\debug\123.tlog\link-rc.read.1.tlog
c:\users\jakub góralski\source\repos\123\123\debug\123.tlog\link-rc.write.1.tlog
c:\users\jakub góralski\source\repos\123\123\debug\123.tlog\link.2716-cvtres.read.1.tlog
c:\users\jakub góralski\source\repos\123\123\debug\123.tlog\link.2716-cvtres.write.1.tlog
c:\users\jakub góralski\source\repos\123\123\debug\123.tlog\link.2716-rc.read.1.tlog
c:\users\jakub góralski\source\repos\123\123\debug\123.tlog\link.2716-rc.write.1.tlog
c:\users\jakub góralski\source\repos\123\123\debug\123.tlog\link.2716.read.1.tlog
c:\users\jakub góralski\source\repos\123\123\debug\123.tlog\link.2716.write.1.tlog
c:\users\jakub góralski\source\repos\123\123\debug\123.tlog\link.command.1.tlog
c:\users\jakub góralski\source\repos\123\123\debug\123.tlog\link.read.1.tlog
c:\users\jakub góralski\source\repos\123\123\debug\123.tlog\link.write.1.tlog
c:\users\jakub góralski\source\repos\123\123\debug\123.tlog\rc.command.1.tlog
c:\users\jakub góralski\source\repos\123\123\debug\123.tlog\rc.read.1.tlog
c:\users\jakub góralski\source\repos\123\123\debug\123.tlog\rc.write.1.tlog
